Build started 2018/12/17 9:57:45.
     1>Project "E:\DBMS\HustBase2018\HustBase.vcxproj" on node 2 (build target(s)).
     1>InitializeBuildStatus:
         Creating "Debug\HustBase.unsuccessfulbuild" because "AlwaysCreate" was specified.
       ClCompile:
         All outputs are up-to-date.
         All outputs are up-to-date.
         All outputs are up-to-date.
       ResourceCompile:
         All outputs are up-to-date.
       ManifestResourceCompile:
         All outputs are up-to-date.
       Link:
         All outputs are up-to-date.
       Manifest:
         All outputs are up-to-date.
         All outputs are up-to-date.
       BscMake:
         All outputs are up-to-date.
       FinalizeBuildStatus:
         Deleting file "Debug\HustBase.unsuccessfulbuild".
         Touching "Debug\HustBase.lastbuildstate".
     1>Done Building Project "E:\DBMS\HustBase2018\HustBase.vcxproj" (build target(s)).

Build succeeded.

Time Elapsed 00:00:00.07
