Debug\HustBase.bsc
Debug\HustBase.ilk
Debug\HustBase.pdb
E:\DBMS\HustBase2018\Debug\BscMake.command.1.tlog
E:\DBMS\HustBase2018\Debug\bscmake.read.1.tlog
E:\DBMS\HustBase2018\Debug\bscmake.write.1.tlog
E:\DBMS\HustBase2018\Debug\cl.command.1.tlog
E:\DBMS\HustBase2018\Debug\CL.read.1.tlog
E:\DBMS\HustBase2018\Debug\CL.write.1.tlog
E:\DBMS\HUSTBASE2018\DEBUG\EDITAREA.OBJ
E:\DBMS\HUSTBASE2018\DEBUG\EDITAREA.SBR
E:\DBMS\HUSTBASE2018\DEBUG\HUSTBASE.BSC
E:\DBMS\HUSTBASE2018\DEBUG\HUSTBASE.EXE
E:\DBMS\HUSTBASE2018\DEBUG\HUSTBASE.EXE.EMBED.MANIFEST
E:\DBMS\HUSTBASE2018\DEBUG\HUSTBASE.EXE.EMBED.MANIFEST.RES
E:\DBMS\HUSTBASE2018\DEBUG\HUSTBASE.EXE.INTERMEDIATE.MANIFEST
E:\DBMS\HUSTBASE2018\DEBUG\HUSTBASE.ILK
E:\DBMS\HUSTBASE2018\DEBUG\HUSTBASE.OBJ
E:\DBMS\HUSTBASE2018\DEBUG\HUSTBASE.PCH
E:\DBMS\HUSTBASE2018\DEBUG\HUSTBASE.PDB
E:\DBMS\HUSTBASE2018\DEBUG\HUSTBASE.RES
E:\DBMS\HUSTBASE2018\DEBUG\HUSTBASE.SBR
E:\DBMS\HustBase2018\Debug\HustBase.vcxprojResolveAssemblyReference.cache
E:\DBMS\HustBase2018\Debug\HustBase.write.1.tlog
E:\DBMS\HustBase2018\Debug\HustBase_manifest.rc
E:\DBMS\HUSTBASE2018\DEBUG\HUSTBASEDOC.OBJ
E:\DBMS\HUSTBASE2018\DEBUG\HUSTBASEDOC.SBR
E:\DBMS\HUSTBASE2018\DEBUG\HUSTBASEVIEW.OBJ
E:\DBMS\HUSTBASE2018\DEBUG\HUSTBASEVIEW.SBR
E:\DBMS\HUSTBASE2018\DEBUG\IX_MANAGER.OBJ
E:\DBMS\HUSTBASE2018\DEBUG\IX_MANAGER.SBR
E:\DBMS\HUSTBASE2018\DEBUG\LEX.YY.OBJ
E:\DBMS\HUSTBASE2018\DEBUG\LEX.YY.SBR
E:\DBMS\HustBase2018\Debug\link.10200.read.1.tlog
E:\DBMS\HustBase2018\Debug\link.10200.write.1.tlog
E:\DBMS\HustBase2018\Debug\link.10200-cvtres.read.1.tlog
E:\DBMS\HustBase2018\Debug\link.10200-cvtres.write.1.tlog
E:\DBMS\HustBase2018\Debug\link.1416.read.1.tlog
E:\DBMS\HustBase2018\Debug\link.1416.write.1.tlog
E:\DBMS\HustBase2018\Debug\link.1416-cvtres.read.1.tlog
E:\DBMS\HustBase2018\Debug\link.1416-cvtres.write.1.tlog
E:\DBMS\HustBase2018\Debug\link.220.read.1.tlog
E:\DBMS\HustBase2018\Debug\link.220.write.1.tlog
E:\DBMS\HustBase2018\Debug\link.220-cvtres.read.1.tlog
E:\DBMS\HustBase2018\Debug\link.220-cvtres.write.1.tlog
E:\DBMS\HustBase2018\Debug\link.5760.read.1.tlog
E:\DBMS\HustBase2018\Debug\link.5760.write.1.tlog
E:\DBMS\HustBase2018\Debug\link.5760-cvtres.read.1.tlog
E:\DBMS\HustBase2018\Debug\link.5760-cvtres.write.1.tlog
E:\DBMS\HustBase2018\Debug\link.7188.read.1.tlog
E:\DBMS\HustBase2018\Debug\link.7188.write.1.tlog
E:\DBMS\HustBase2018\Debug\link.7188-cvtres.read.1.tlog
E:\DBMS\HustBase2018\Debug\link.7188-cvtres.write.1.tlog
E:\DBMS\HustBase2018\Debug\link.7328.read.1.tlog
E:\DBMS\HustBase2018\Debug\link.7328.write.1.tlog
E:\DBMS\HustBase2018\Debug\link.7328-cvtres.read.1.tlog
E:\DBMS\HustBase2018\Debug\link.7328-cvtres.write.1.tlog
E:\DBMS\HustBase2018\Debug\link.8636.read.1.tlog
E:\DBMS\HustBase2018\Debug\link.8636.write.1.tlog
E:\DBMS\HustBase2018\Debug\link.8636-cvtres.read.1.tlog
E:\DBMS\HustBase2018\Debug\link.8636-cvtres.write.1.tlog
E:\DBMS\HustBase2018\Debug\link.9148.read.1.tlog
E:\DBMS\HustBase2018\Debug\link.9148.write.1.tlog
E:\DBMS\HustBase2018\Debug\link.9148-cvtres.read.1.tlog
E:\DBMS\HustBase2018\Debug\link.9148-cvtres.write.1.tlog
E:\DBMS\HustBase2018\Debug\link.9380.read.1.tlog
E:\DBMS\HustBase2018\Debug\link.9380.write.1.tlog
E:\DBMS\HustBase2018\Debug\link.9380-cvtres.read.1.tlog
E:\DBMS\HustBase2018\Debug\link.9380-cvtres.write.1.tlog
E:\DBMS\HustBase2018\Debug\link.command.1.tlog
E:\DBMS\HustBase2018\Debug\link.read.1.tlog
E:\DBMS\HustBase2018\Debug\link.write.1.tlog
E:\DBMS\HustBase2018\Debug\link-cvtres.read.1.tlog
E:\DBMS\HustBase2018\Debug\link-cvtres.write.1.tlog
E:\DBMS\HUSTBASE2018\DEBUG\MAINFRM.OBJ
E:\DBMS\HUSTBASE2018\DEBUG\MAINFRM.SBR
E:\DBMS\HustBase2018\Debug\mt.command.1.tlog
E:\DBMS\HustBase2018\Debug\mt.read.1.tlog
E:\DBMS\HustBase2018\Debug\mt.write.1.tlog
E:\DBMS\HUSTBASE2018\DEBUG\PARSE.OBJ
E:\DBMS\HUSTBASE2018\DEBUG\PARSE.SBR
E:\DBMS\HUSTBASE2018\DEBUG\PF_MANAGER.OBJ
E:\DBMS\HUSTBASE2018\DEBUG\PF_MANAGER.SBR
E:\DBMS\HUSTBASE2018\DEBUG\QU_MANAGER.OBJ
E:\DBMS\HUSTBASE2018\DEBUG\QU_MANAGER.SBR
E:\DBMS\HustBase2018\Debug\rc.command.1.tlog
E:\DBMS\HustBase2018\Debug\rc.read.1.tlog
E:\DBMS\HustBase2018\Debug\rc.write.1.tlog
E:\DBMS\HUSTBASE2018\DEBUG\RM_MANAGER.OBJ
E:\DBMS\HUSTBASE2018\DEBUG\RM_MANAGER.SBR
E:\DBMS\HUSTBASE2018\DEBUG\STDAFX.OBJ
E:\DBMS\HUSTBASE2018\DEBUG\STDAFX.SBR
E:\DBMS\HUSTBASE2018\DEBUG\SYS_MANAGER.OBJ
E:\DBMS\HUSTBASE2018\DEBUG\SYS_MANAGER.SBR
E:\DBMS\HUSTBASE2018\DEBUG\TABLELIST.OBJ
E:\DBMS\HUSTBASE2018\DEBUG\TABLELIST.SBR
E:\DBMS\HUSTBASE2018\DEBUG\TREELIST.OBJ
E:\DBMS\HUSTBASE2018\DEBUG\TREELIST.SBR
E:\DBMS\HustBase2018\Debug\vc100.idb
E:\DBMS\HUSTBASE2018\DEBUG\VC100.PDB
E:\DBMS\HUSTBASE2018\DEBUG\YACC_SQL.TAB.OBJ
E:\DBMS\HUSTBASE2018\DEBUG\YACC_SQL.TAB.SBR
